Arguments: 
  /home/kush/.asdf/installs/nodejs/18.16.1/bin/node /home/kush/.asdf/installs/nodejs/18.16.1/bin/yarn add reqact

PATH: 
  /home/kush/.asdf/plugins/nodejs/shims:/home/kush/.asdf/installs/nodejs/18.16.1/bin:/home/kush/.asdf/shims:/home/kush/.asdf/bin:/usr/local/sbin:/usr/local/bin:/usr/sbin:/usr/bin:/sbin:/bin:/usr/games:/usr/local/games:/usr/lib/wsl/lib:/mnt/c/WINDOWS/system32:/mnt/c/WINDOWS:/mnt/c/WINDOWS/System32/Wbem:/mnt/c/WINDOWS/System32/WindowsPowerShell/v1.0/:/mnt/c/WINDOWS/System32/OpenSSH/:/mnt/c/Program Files/Go/bin:/mnt/c/Program Files/Docker/Docker/resources/bin:/mnt/c/ProgramData/DockerDesktop/version-bin:/mnt/c/Program Files/nodejs/:/mnt/c/Program Files (x86)/Brackets/command:/mnt/c/Program Files/Git/cmd:/mnt/c/Program Files/Git/mingw64/bin:/mnt/c/Program Files/Git/usr/bin:/mnt/c/MinGW/bin:/mnt/c/ProgramData/chocolatey/bin:/mnt/c/Program Files/NVIDIA Corporation/NVIDIA NvDLISR:/mnt/c/Ruby31-x64/bin:/mnt/c/Users/kush/AppData/Local/Microsoft/WindowsApps:/mnt/c/Users/kush/AppData/Local/Programs/Microsoft VS Code/bin:/mnt/c/Users/kush/go/bin:/mnt/c/Users/kush/AppData/Roaming/npm:/mnt/c/ProgramData/kush/atom/bin:/snap/bin

Yarn version: 
  1.22.19

Node version: 
  18.16.1

Platform: 
  linux x64

Trace: 
  Error: https://registry.yarnpkg.com/reqact: Not found
      at params.callback [as _callback] (/home/kush/.asdf/installs/nodejs/18.16.1/lib/node_modules/yarn/lib/cli.js:66145:18)
      at self.callback (/home/kush/.asdf/installs/nodejs/18.16.1/lib/node_modules/yarn/lib/cli.js:140890:22)
      at Request.emit (node:events:513:28)
      at Request.<anonymous> (/home/kush/.asdf/installs/nodejs/18.16.1/lib/node_modules/yarn/lib/cli.js:141862:10)
      at Request.emit (node:events:513:28)
      at IncomingMessage.<anonymous> (/home/kush/.asdf/installs/nodejs/18.16.1/lib/node_modules/yarn/lib/cli.js:141784:12)
      at Object.onceWrapper (node:events:627:28)
      at IncomingMessage.emit (node:events:525:35)
      at endReadableNT (node:internal/streams/readable:1359:12)
      at process.processTicksAndRejections (node:internal/process/task_queues:82:21)

npm manifest: 
  {
    "name": "app",
    "private": "true",
    "dependencies": {
      "esbuild": "^0.19.0",
      "react": "^18.2.0",
      "react-dom": "^18.2.0"
    },
    "scripts": {
      "build": "esbuild app/javascript/*.* --bundle --sourcemap --outdir=app/assets/builds --public-path=/assets"
    }
  }

yarn manifest: 
  No manifest

Lockfile: 
  # THIS IS AN AUTOGENERATED FILE. DO NOT EDIT THIS FILE DIRECTLY.
  # yarn lockfile v1
  
  
  "@esbuild/android-arm64@0.19.0":
    version "0.19.0"
    resolved "https://registry.yarnpkg.com/@esbuild/android-arm64/-/android-arm64-0.19.0.tgz#c5ea635bdbe9b83d1f78a711120814e716439029"
    integrity sha512-AzsozJnB+RNaDncBCs3Ys5g3kqhPFUueItfEaCpp89JH2naFNX2mYDIvUgPYMqqjm8hiFoo+jklb3QHZyR3ubw==
  
  "@esbuild/android-arm@0.19.0":
    version "0.19.0"
    resolved "https://registry.yarnpkg.com/@esbuild/android-arm/-/android-arm-0.19.0.tgz#6eb6e1fbc0dbfafa035aaef8b5ecde25b539fcf9"
    integrity sha512-GAkjUyHgWTYuex3evPd5V7uV/XS4LMKr1PWHRPW1xNyy/Jx08x3uTrDFRefBYLKT/KpaWM8/YMQcwbp5a3yIDA==
  
  "@esbuild/android-x64@0.19.0":
    version "0.19.0"
    resolved "https://registry.yarnpkg.com/@esbuild/android-x64/-/android-x64-0.19.0.tgz#99f154f71f5b92e778468bcf0f425d166c17bf20"
    integrity sha512-SUG8/qiVhljBDpdkHQ9DvOWbp7hFFIP0OzxOTptbmVsgBgzY6JWowmMd6yJuOhapfxmj/DrvwKmjRLvVSIAKZg==
  
  "@esbuild/darwin-arm64@0.19.0":
    version "0.19.0"
    resolved "https://registry.yarnpkg.com/@esbuild/darwin-arm64/-/darwin-arm64-0.19.0.tgz#2fcc11abf95fbabbf9167db6a11d899385bd777b"
    integrity sha512-HkxZ8k3Jvcw0FORPNTavA8BMgQjLOB6AajT+iXmil7BwY3gU1hWvJJAyWyEogCmA4LdbGvKF8vEykdmJ4xNJJQ==
  
  "@esbuild/darwin-x64@0.19.0":
    version "0.19.0"
    resolved "https://registry.yarnpkg.com/@esbuild/darwin-x64/-/darwin-x64-0.19.0.tgz#b5bbde35468db093fdf994880b0eb4b62613b67c"
    integrity sha512-9IRWJjqpWFHM9a5Qs3r3bK834NCFuDY5ZaLrmTjqE+10B6w65UMQzeZjh794JcxpHolsAHqwsN/33crUXNCM2Q==
  
  "@esbuild/freebsd-arm64@0.19.0":
    version "0.19.0"
    resolved "https://registry.yarnpkg.com/@esbuild/freebsd-arm64/-/freebsd-arm64-0.19.0.tgz#3f64c76dc590f79cc40acef6b22dd5eb89fc2125"
    integrity sha512-s7i2WcXcK0V1PJHVBe7NsGddsL62a9Vhpz2U7zapPrwKoFuxPP9jybwX8SXnropR/AOj3ppt2ern4ItblU6UQQ==
  
  "@esbuild/freebsd-x64@0.19.0":
    version "0.19.0"
    resolved "https://registry.yarnpkg.com/@esbuild/freebsd-x64/-/freebsd-x64-0.19.0.tgz#14d497e9e858fba2bb9b16130602b7f5944bc09c"
    integrity sha512-NMdBSSdgwHCqCsucU5k1xflIIRU0qi1QZnM6+vdGy5fvxm1c8rKh50VzsWsIVTFUG3l91AtRxVwoz3Lcvy3I5w==
  
  "@esbuild/linux-arm64@0.19.0":
    version "0.19.0"
    resolved "https://registry.yarnpkg.com/@esbuild/linux-arm64/-/linux-arm64-0.19.0.tgz#0f2f4d8889f7dc89681c306d7312aa76445a5f65"
    integrity sha512-I4zvE2srSZxRPapFnNqj+NL3sDJ1wkvEZqt903OZUlBBgigrQMvzUowvP/TTTu2OGYe1oweg5MFilfyrElIFag==
  
  "@esbuild/linux-arm@0.19.0":
    version "0.19.0"
    resolved "https://registry.yarnpkg.com/@esbuild/linux-arm/-/linux-arm-0.19.0.tgz#0b0f79dc72884f0ad02c0aabfc969a0bee7f6775"
    integrity sha512-2F1+lH7ZBcCcgxiSs8EXQV0PPJJdTNiNcXxDb61vzxTRJJkXX1I/ye9mAhfHyScXzHaEibEXg1Jq9SW586zz7w==
  
  "@esbuild/linux-ia32@0.19.0":
    version "0.19.0"
    resolved "https://registry.yarnpkg.com/@esbuild/linux-ia32/-/linux-ia32-0.19.0.tgz#dfcece1f5e74d0e7db090475e48b28d9aa270687"
    integrity sha512-dz2Q7+P92r1Evc8kEN+cQnB3qqPjmCrOZ+EdBTn8lEc1yN8WDgaDORQQiX+mxaijbH8npXBT9GxUqE52Gt6Y+g==
  
  "@esbuild/linux-loong64@0.19.0":
    version "0.19.0"
    resolved "https://registry.yarnpkg.com/@esbuild/linux-loong64/-/linux-loong64-0.19.0.tgz#710f5bd55db3f5d9ebac8773ea49795261a35ca7"
    integrity sha512-IcVJovJVflih4oFahhUw+N7YgNbuMSVFNr38awb0LNzfaiIfdqIh518nOfYaNQU3aVfiJnOIRVJDSAP4k35WxA==
  
  "@esbuild/linux-mips64el@0.19.0":
    version "0.19.0"
    resolved "https://registry.yarnpkg.com/@esbuild/linux-mips64el/-/linux-mips64el-0.19.0.tgz#a918b310f9bf31fced3853ca52fee6e7acc09824"
    integrity sha512-bZGRAGySMquWsKw0gIdsClwfvgbsSq/7oq5KVu1H1r9Il+WzOcfkV1hguntIuBjRVL8agI95i4AukjdAV2YpUw==
  
  "@esbuild/linux-ppc64@0.19.0":
    version "0.19.0"
    resolved "https://registry.yarnpkg.com/@esbuild/linux-ppc64/-/linux-ppc64-0.19.0.tgz#104771ef6ce2719ac17031f6b9ed8aa98f8e5faf"
    integrity sha512-3LC6H5/gCDorxoRBUdpLV/m7UthYSdar0XcCu+ypycQxMS08MabZ06y1D1yZlDzL/BvOYliRNRWVG/YJJvQdbg==
  
  "@esbuild/linux-riscv64@0.19.0":
    version "0.19.0"
    resolved "https://registry.yarnpkg.com/@esbuild/linux-riscv64/-/linux-riscv64-0.19.0.tgz#83beafa472ad4224adcd4d7469e3a17ba1fbd976"
    integrity sha512-jfvdKjWk+Cp2sgLtEEdSHXO7qckrw2B2eFBaoRdmfhThqZs29GMMg7q/LsQpybA7BxCLLEs4di5ucsWzZC5XPA==
  
  "@esbuild/linux-s390x@0.19.0":
    version "0.19.0"
    resolved "https://registry.yarnpkg.com/@esbuild/linux-s390x/-/linux-s390x-0.19.0.tgz#edc26cb41d8745716bda9c26bac1f0001eaad029"
    integrity sha512-ofcucfNLkoXmcnJaw9ugdEOf40AWKGt09WBFCkpor+vFJVvmk/8OPjl/qRtks2Z7BuZbG3ztJuK1zS9z5Cgx9A==
  
  "@esbuild/linux-x64@0.19.0":
    version "0.19.0"
    resolved "https://registry.yarnpkg.com/@esbuild/linux-x64/-/linux-x64-0.19.0.tgz#80a6b5e55ad454e0c0af5bdb267335287e331007"
    integrity sha512-Fpf7zNDBti3xrQKQKLdXT0hTyOxgFdRJIMtNy8x1az9ATR9/GJ1brYbB/GLWoXhKiHsoWs+2DLkFVNNMTCLEwA==
  
  "@esbuild/netbsd-x64@0.19.0":
    version "0.19.0"
    resolved "https://registry.yarnpkg.com/@esbuild/netbsd-x64/-/netbsd-x64-0.19.0.tgz#2e6e8d869b58aea34bab9c0c47f15ae1bda29a90"
    integrity sha512-AMQAp/5oENgDOvVhvOlbhVe1pWii7oFAMRHlmTjSEMcpjTpIHtFXhv9uAFgUERHm3eYtNvS9Vf+gT55cwuI6Aw==
  
  "@esbuild/openbsd-x64@0.19.0":
    version "0.19.0"
    resolved "https://registry.yarnpkg.com/@esbuild/openbsd-x64/-/openbsd-x64-0.19.0.tgz#ca0817d3ab332afb0d8d96a2eb42b4d8ebaa8715"
    integrity sha512-fDztEve1QUs3h/Dw2AUmBlWGkNQbhDoD05ppm5jKvzQv+HVuV13so7m5RYeiSMIC2XQy7PAjZh+afkxAnCRZxA==
  
  "@esbuild/sunos-x64@0.19.0":
    version "0.19.0"
    resolved "https://registry.yarnpkg.com/@esbuild/sunos-x64/-/sunos-x64-0.19.0.tgz#8de27de2563cb3eb6c1af066b6d7fcb1229fe3d4"
    integrity sha512-bKZzJ2/rvUjDzA5Ddyva2tMk89WzNJEibZEaq+wY6SiqPlwgFbqyQLimouxLHiHh1itb5P3SNCIF1bc2bw5H9w==
  
  "@esbuild/win32-arm64@0.19.0":
    version "0.19.0"
    resolved "https://registry.yarnpkg.com/@esbuild/win32-arm64/-/win32-arm64-0.19.0.tgz#67c2b410ff8862be2cd61145ad21e11be00fb914"
    integrity sha512-NQJ+4jmnA79saI+sE+QzcEls19uZkoEmdxo7r//PDOjIpX8pmoWtTnWg6XcbnO7o4fieyAwb5U2LvgWynF4diA==
  
  "@esbuild/win32-ia32@0.19.0":
    version "0.19.0"
    resolved "https://registry.yarnpkg.com/@esbuild/win32-ia32/-/win32-ia32-0.19.0.tgz#cac8992219c6d943bb22226e4afeb3774a29cca1"
    integrity sha512-uyxiZAnsfu9diHm9/rIH2soecF/HWLXYUhJKW4q1+/LLmNQ+55lRjvSUDhUmsgJtSUscRJB/3S4RNiTb9o9mCg==
  
  "@esbuild/win32-x64@0.19.0":
    version "0.19.0"
    resolved "https://registry.yarnpkg.com/@esbuild/win32-x64/-/win32-x64-0.19.0.tgz#fa5f12c96811cec3233a53bdbf61d1a05ba9018f"
    integrity sha512-jl+NXUjK2StMgqnZnqgNjZuerFG8zQqWXMBZdMMv4W/aO1ZKQaYWZBxTrtWKphkCBVEMh0wMVfGgOd2BjOZqUQ==
  
  esbuild@^0.19.0:
    version "0.19.0"
    resolved "https://registry.yarnpkg.com/esbuild/-/esbuild-0.19.0.tgz#f187e4ce3bcc7396d13f408a991655efeba65282"
    integrity sha512-i7i8TP4vuG55bKeLyqqk5sTPu1ZjPH3wkcLvAj/0X/222iWFo3AJUYRKjbOoY6BWFMH3teizxHEdV9Su5ESl0w==
    optionalDependencies:
      "@esbuild/android-arm" "0.19.0"
      "@esbuild/android-arm64" "0.19.0"
      "@esbuild/android-x64" "0.19.0"
      "@esbuild/darwin-arm64" "0.19.0"
      "@esbuild/darwin-x64" "0.19.0"
      "@esbuild/freebsd-arm64" "0.19.0"
      "@esbuild/freebsd-x64" "0.19.0"
      "@esbuild/linux-arm" "0.19.0"
      "@esbuild/linux-arm64" "0.19.0"
      "@esbuild/linux-ia32" "0.19.0"
      "@esbuild/linux-loong64" "0.19.0"
      "@esbuild/linux-mips64el" "0.19.0"
      "@esbuild/linux-ppc64" "0.19.0"
      "@esbuild/linux-riscv64" "0.19.0"
      "@esbuild/linux-s390x" "0.19.0"
      "@esbuild/linux-x64" "0.19.0"
      "@esbuild/netbsd-x64" "0.19.0"
      "@esbuild/openbsd-x64" "0.19.0"
      "@esbuild/sunos-x64" "0.19.0"
      "@esbuild/win32-arm64" "0.19.0"
      "@esbuild/win32-ia32" "0.19.0"
      "@esbuild/win32-x64" "0.19.0"
  
  "js-tokens@^3.0.0 || ^4.0.0":
    version "4.0.0"
    resolved "https://registry.yarnpkg.com/js-tokens/-/js-tokens-4.0.0.tgz#19203fb59991df98e3a287050d4647cdeaf32499"
    integrity sha512-RdJUflcE3cUzKiMqQgsCu06FPu9UdIJO0beYbPhHN4k6apgJtifcoCtT9bcxOpYBtpD2kCM6Sbzg4CausW/PKQ==
  
  loose-envify@^1.1.0:
    version "1.4.0"
    resolved "https://registry.yarnpkg.com/loose-envify/-/loose-envify-1.4.0.tgz#71ee51fa7be4caec1a63839f7e682d8132d30caf"
    integrity sha512-lyuxPGr/Wfhrlem2CL/UcnUc1zcqKAImBDzukY7Y5F/yQiNdko6+fRLevlw1HgMySw7f611UIY408EtxRSoK3Q==
    dependencies:
      js-tokens "^3.0.0 || ^4.0.0"
  
  react-dom@^18.2.0:
    version "18.2.0"
    resolved "https://registry.yarnpkg.com/react-dom/-/react-dom-18.2.0.tgz#22aaf38708db2674ed9ada224ca4aa708d821e3d"
    integrity sha512-6IMTriUmvsjHUjNtEDudZfuDQUoWXVxKHhlEGSk81n4YFS+r/Kl99wXiwlVXtPBtJenozv2P+hxDsw9eA7Xo6g==
    dependencies:
      loose-envify "^1.1.0"
      scheduler "^0.23.0"
  
  react@^18.2.0:
    version "18.2.0"
    resolved "https://registry.yarnpkg.com/react/-/react-18.2.0.tgz#555bd98592883255fa00de14f1151a917b5d77d5"
    integrity sha512-/3IjMdb2L9QbBdWiW5e3P2/npwMBaU9mHCSCUzNln0ZCYbcfTsGbTJrU/kGemdH2IWmB2ioZ+zkxtmq6g09fGQ==
    dependencies:
      loose-envify "^1.1.0"
  
  scheduler@^0.23.0:
    version "0.23.0"
    resolved "https://registry.yarnpkg.com/scheduler/-/scheduler-0.23.0.tgz#ba8041afc3d30eb206a487b6b384002e4e61fdfe"
    integrity sha512-CtuThmgHNg7zIZWAXi3AsyIzA3n4xx7aNyjwC2VJldO2LMVDhFK+63xGqq6CsJH4rTAt6/M+N4GhZiDYPx9eUw==
    dependencies:
      loose-envify "^1.1.0"
